<?xml version="1.0" encoding="UTF-8"?>
<coverage generated="1506454120828" clover="3.2.0">
  <project timestamp="1506454120828" name="All files">
    <metrics statements="87" coveredstatements="85" conditionals="62" coveredconditionals="58" methods="49" coveredmethods="47" elements="198" coveredelements="190" complexity="0" loc="87" ncloc="87" packages="5" files="16" classes="16">
      <package name="actions">
        <metrics statements="9" coveredstatements="9" conditionals="7" coveredconditionals="6" methods="8" coveredmethods="8"/>
        <file name="expenses.js" path="/Users/shaynemeyer/github/react-course-projects/expensify/src/actions/expenses.js">
          <metrics statements="4" coveredstatements="4" conditionals="6" coveredconditionals="5" methods="3" coveredmethods="3"/>
          <line num="4" count="3" type="stmt"/>
          <line num="11" count="2" type="stmt"/>
          <line num="23" count="3" type="cond" truecount="0" falsecount="1"/>
          <line num="29" count="3" type="stmt"/>
        </file>
        <file name="filters.js" path="/Users/shaynemeyer/github/react-course-projects/expensify/src/actions/filters.js">
          <metrics statements="5" coveredstatements="5" conditionals="1" coveredconditionals="1" methods="5" coveredmethods="5"/>
          <line num="2" count="3" type="cond" truecount="1" falsecount="0"/>
          <line num="8" count="3" type="stmt"/>
          <line num="13" count="3" type="stmt"/>
          <line num="18" count="3" type="stmt"/>
          <line num="24" count="3" type="stmt"/>
        </file>
      </package>
      <package name="components">
        <metrics statements="49" coveredstatements="47" conditionals="26" coveredconditionals="24" methods="34" coveredmethods="32"/>
        <file name="AddExpensePage.js" path="/Users/shaynemeyer/github/react-course-projects/expensify/src/components/AddExpensePage.js">
          <metrics statements="3" coveredstatements="3" conditionals="0" coveredconditionals="0" methods="2" coveredmethods="2"/>
          <line num="8" count="1" type="stmt"/>
          <line num="9" count="1" type="stmt"/>
          <line num="12" count="2" type="stmt"/>
        </file>
        <file name="EditExpensePage.js" path="/Users/shaynemeyer/github/react-course-projects/expensify/src/components/EditExpensePage.js">
          <metrics statements="5" coveredstatements="5" conditionals="0" coveredconditionals="0" methods="3" coveredmethods="3"/>
          <line num="10" count="1" type="stmt"/>
          <line num="11" count="1" type="stmt"/>
          <line num="14" count="1" type="stmt"/>
          <line num="15" count="1" type="stmt"/>
          <line num="18" count="3" type="stmt"/>
        </file>
        <file name="ExpenseDashboardPage.js" path="/Users/shaynemeyer/github/react-course-projects/expensify/src/components/ExpenseDashboardPage.js">
          <metrics statements="2" coveredstatements="2" conditionals="0" coveredconditionals="0" methods="1" coveredmethods="1"/>
          <line num="5" count="1" type="stmt"/>
          <line num="6" count="1" type="stmt"/>
        </file>
        <file name="ExpenseForm.js" path="/Users/shaynemeyer/github/react-course-projects/expensify/src/components/ExpenseForm.js">
          <metrics statements="20" coveredstatements="19" conditionals="20" coveredconditionals="19" methods="16" coveredmethods="15"/>
          <line num="5" count="3" type="stmt"/>
          <line num="9" count="10" type="stmt"/>
          <line num="11" count="10" type="stmt"/>
          <line num="22" count="1" type="stmt"/>
          <line num="23" count="1" type="stmt"/>
          <line num="26" count="1" type="stmt"/>
          <line num="27" count="1" type="stmt"/>
          <line num="30" count="2" type="stmt"/>
          <line num="32" count="2" type="cond" truecount="4" falsecount="0"/>
          <line num="33" count="1" type="stmt"/>
          <line num="37" count="1" type="cond" truecount="1" falsecount="1"/>
          <line num="38" count="1" type="stmt"/>
          <line num="42" count="1" type="stmt"/>
          <line num="45" count="2" type="stmt"/>
          <line num="47" count="2" type="cond" truecount="4" falsecount="0"/>
          <line num="48" count="1" type="stmt"/>
          <line num="50" count="1" type="stmt"/>
          <line num="51" count="1" type="stmt"/>
          <line num="60" count="18" type="stmt"/>
          <line num="83" count="0" type="stmt"/>
        </file>
        <file name="ExpenseList.js" path="/Users/shaynemeyer/github/react-course-projects/expensify/src/components/ExpenseList.js">
          <metrics statements="3" coveredstatements="3" conditionals="2" coveredconditionals="2" methods="2" coveredmethods="2"/>
          <line num="6" count="2" type="stmt"/>
          <line num="7" count="2" type="stmt"/>
          <line num="12" count="3" type="stmt"/>
        </file>
        <file name="ExpenseListFilters.js" path="/Users/shaynemeyer/github/react-course-projects/expensify/src/components/ExpenseListFilters.js">
          <metrics statements="10" coveredstatements="9" conditionals="4" coveredconditionals="3" methods="7" coveredmethods="6"/>
          <line num="11" count="1" type="stmt"/>
          <line num="12" count="1" type="stmt"/>
          <line num="15" count="1" type="stmt"/>
          <line num="18" count="1" type="stmt"/>
          <line num="21" count="2" type="cond" truecount="2" falsecount="0"/>
          <line num="22" count="1" type="stmt"/>
          <line num="23" count="1" type="cond" truecount="1" falsecount="1"/>
          <line num="24" count="1" type="stmt"/>
          <line num="28" count="10" type="stmt"/>
          <line num="49" count="0" type="stmt"/>
        </file>
        <file name="ExpenseListItem.js" path="/Users/shaynemeyer/github/react-course-projects/expensify/src/components/ExpenseListItem.js">
          <metrics statements="2" coveredstatements="2" conditionals="0" coveredconditionals="0" methods="1" coveredmethods="1"/>
          <line num="4" count="3" type="stmt"/>
          <line num="5" count="1" type="stmt"/>
        </file>
        <file name="Header.js" path="/Users/shaynemeyer/github/react-course-projects/expensify/src/components/Header.js">
          <metrics statements="2" coveredstatements="2" conditionals="0" coveredconditionals="0" methods="1" coveredmethods="1"/>
          <line num="4" count="1" type="stmt"/>
          <line num="5" count="1" type="stmt"/>
        </file>
        <file name="NotFoundPage.js" path="/Users/shaynemeyer/github/react-course-projects/expensify/src/components/NotFoundPage.js">
          <metrics statements="2" coveredstatements="2" conditionals="0" coveredconditionals="0" methods="1" coveredmethods="1"/>
          <line num="4" count="1" type="stmt"/>
          <line num="5" count="1" type="stmt"/>
        </file>
      </package>
      <package name="reducers">
        <metrics statements="17" coveredstatements="17" conditionals="14" coveredconditionals="14" methods="4" coveredmethods="4"/>
        <file name="expenses.js" path="/Users/shaynemeyer/github/react-course-projects/expensify/src/reducers/expenses.js">
          <metrics statements="9" coveredstatements="9" conditionals="7" coveredconditionals="7" methods="3" coveredmethods="3"/>
          <line num="3" count="1" type="stmt"/>
          <line num="6" count="6" type="cond" truecount="4" falsecount="0"/>
          <line num="8" count="1" type="stmt"/>
          <line num="13" count="6" type="stmt"/>
          <line num="15" count="2" type="stmt"/>
          <line num="16" count="6" type="cond" truecount="2" falsecount="0"/>
          <line num="17" count="1" type="stmt"/>
          <line num="22" count="5" type="stmt"/>
          <line num="26" count="1" type="stmt"/>
        </file>
        <file name="filters.js" path="/Users/shaynemeyer/github/react-course-projects/expensify/src/reducers/filters.js">
          <metrics statements="8" coveredstatements="8" conditionals="7" coveredconditionals="7" methods="1" coveredmethods="1"/>
          <line num="5" count="1" type="stmt"/>
          <line num="13" count="6" type="cond" truecount="6" falsecount="0"/>
          <line num="15" count="1" type="stmt"/>
          <line num="20" count="1" type="stmt"/>
          <line num="25" count="1" type="stmt"/>
          <line num="30" count="1" type="stmt"/>
          <line num="35" count="1" type="stmt"/>
          <line num="40" count="1" type="stmt"/>
        </file>
      </package>
      <package name="selectors">
        <metrics statements="10" coveredstatements="10" conditionals="15" coveredconditionals="14" methods="3" coveredmethods="3"/>
        <file name="expenses.js" path="/Users/shaynemeyer/github/react-course-projects/expensify/src/selectors/expenses.js">
          <metrics statements="10" coveredstatements="10" conditionals="15" coveredconditionals="14" methods="3" coveredmethods="3"/>
          <line num="5" count="5" type="stmt"/>
          <line num="6" count="15" type="stmt"/>
          <line num="7" count="15" type="cond" truecount="2" falsecount="0"/>
          <line num="8" count="15" type="cond" truecount="2" falsecount="0"/>
          <line num="9" count="15" type="stmt"/>
          <line num="11" count="15" type="cond" truecount="3" falsecount="0"/>
          <line num="13" count="9" type="cond" truecount="2" falsecount="0"/>
          <line num="14" count="6" type="cond" truecount="2" falsecount="0"/>
          <line num="15" count="3" type="cond" truecount="1" falsecount="1"/>
          <line num="16" count="3" type="cond" truecount="2" falsecount="0"/>
        </file>
      </package>
      <package name="tests.fixtures">
        <metrics statements="2" coveredstatements="2" conditionals="0" coveredconditionals="0" methods="0" coveredmethods="0"/>
        <file name="expenses.js" path="/Users/shaynemeyer/github/react-course-projects/expensify/src/tests/fixtures/expenses.js">
          <metrics statements="0" coveredstatements="0" conditionals="0" coveredconditionals="0" methods="0" coveredmethods="0"/>
        </file>
        <file name="filters.js" path="/Users/shaynemeyer/github/react-course-projects/expensify/src/tests/fixtures/filters.js">
          <metrics statements="2" coveredstatements="2" conditionals="0" coveredconditionals="0" methods="0" coveredmethods="0"/>
          <line num="3" count="1" type="stmt"/>
          <line num="10" count="1" type="stmt"/>
        </file>
      </package>
    </metrics>
  </project>
</coverage>
