TN:
SF:/Users/shaynemeyer/github/react-course-projects/expensify/src/actions/expenses.js
FN:4,(anonymous_0)
FN:23,(anonymous_1)
FN:29,(anonymous_2)
FNF:3
FNH:3
FNDA:2,(anonymous_0)
FNDA:1,(anonymous_1)
FNDA:1,(anonymous_2)
DA:4,3
DA:11,2
DA:23,3
DA:29,3
LF:4
LH:4
BRDA:5,0,0,1
BRDA:6,1,0,1
BRDA:7,2,0,1
BRDA:8,3,0,1
BRDA:9,4,0,1
BRDA:23,5,0,0
BRF:6
BRH:5
end_of_record
TN:
SF:/Users/shaynemeyer/github/react-course-projects/expensify/src/actions/filters.js
FN:2,(anonymous_0)
FN:8,(anonymous_1)
FN:13,(anonymous_2)
FN:18,(anonymous_3)
FN:24,(anonymous_4)
FNF:5
FNH:5
FNDA:2,(anonymous_0)
FNDA:1,(anonymous_1)
FNDA:1,(anonymous_2)
FNDA:1,(anonymous_3)
FNDA:1,(anonymous_4)
DA:2,3
DA:8,3
DA:13,3
DA:18,3
DA:24,3
LF:5
LH:5
BRDA:2,0,0,1
BRF:1
BRH:1
end_of_record
TN:
SF:/Users/shaynemeyer/github/react-course-projects/expensify/src/components/AddExpensePage.js
FN:7,(anonymous_0)
FN:11,(anonymous_1)
FNF:2
FNH:2
FNDA:1,(anonymous_0)
FNDA:2,(anonymous_1)
DA:8,1
DA:9,1
DA:12,2
LF:3
LH:3
BRF:0
BRH:0
end_of_record
TN:
SF:/Users/shaynemeyer/github/react-course-projects/expensify/src/components/EditExpensePage.js
FN:9,(anonymous_0)
FN:13,(anonymous_1)
FN:17,(anonymous_2)
FNF:3
FNH:3
FNDA:1,(anonymous_0)
FNDA:1,(anonymous_1)
FNDA:3,(anonymous_2)
DA:10,1
DA:11,1
DA:14,1
DA:15,1
DA:18,3
LF:5
LH:5
BRF:0
BRH:0
end_of_record
TN:
SF:/Users/shaynemeyer/github/react-course-projects/expensify/src/components/ExpenseDashboardPage.js
FN:5,(anonymous_0)
FNF:1
FNH:1
FNDA:1,(anonymous_0)
DA:5,1
DA:6,1
LF:2
LH:2
BRF:0
BRH:0
end_of_record
TN:
SF:/Users/shaynemeyer/github/react-course-projects/expensify/src/components/ExpenseForm.js
FN:8,(anonymous_0)
FN:21,(anonymous_1)
FN:23,(anonymous_2)
FN:25,(anonymous_3)
FN:27,(anonymous_4)
FN:29,(anonymous_5)
FN:33,(anonymous_6)
FN:36,(anonymous_7)
FN:38,(anonymous_8)
FN:41,(anonymous_9)
FN:42,(anonymous_10)
FN:44,(anonymous_11)
FN:48,(anonymous_12)
FN:50,(anonymous_13)
FN:59,(anonymous_14)
FN:83,(anonymous_15)
FNF:16
FNH:15
FNDA:10,(anonymous_0)
FNDA:1,(anonymous_1)
FNDA:1,(anonymous_2)
FNDA:1,(anonymous_3)
FNDA:1,(anonymous_4)
FNDA:2,(anonymous_5)
FNDA:1,(anonymous_6)
FNDA:1,(anonymous_7)
FNDA:1,(anonymous_8)
FNDA:1,(anonymous_9)
FNDA:1,(anonymous_10)
FNDA:2,(anonymous_11)
FNDA:1,(anonymous_12)
FNDA:1,(anonymous_13)
FNDA:18,(anonymous_14)
FNDA:0,(anonymous_15)
DA:5,3
DA:9,10
DA:11,10
DA:22,1
DA:23,1
DA:26,1
DA:27,1
DA:30,2
DA:32,2
DA:33,1
DA:37,1
DA:38,1
DA:42,1
DA:45,2
DA:47,2
DA:48,1
DA:50,1
DA:51,1
DA:60,18
DA:83,0
LF:20
LH:19
BRDA:12,0,0,2
BRDA:12,0,1,8
BRDA:13,1,0,2
BRDA:13,1,1,8
BRDA:14,2,0,2
BRDA:14,2,1,8
BRDA:15,3,0,2
BRDA:15,3,1,8
BRDA:32,4,0,1
BRDA:32,4,1,1
BRDA:32,5,0,2
BRDA:32,5,1,2
BRDA:37,6,0,1
BRDA:37,6,1,0
BRDA:47,7,0,1
BRDA:47,7,1,1
BRDA:47,8,0,2
BRDA:47,8,1,1
BRDA:62,9,0,18
BRDA:62,9,1,1
BRF:20
BRH:19
end_of_record
TN:
SF:/Users/shaynemeyer/github/react-course-projects/expensify/src/components/ExpenseList.js
FN:6,(anonymous_0)
FN:12,(anonymous_1)
FNF:2
FNH:2
FNDA:2,(anonymous_0)
FNDA:3,(anonymous_1)
DA:6,2
DA:7,2
DA:12,3
LF:3
LH:3
BRDA:9,0,0,1
BRDA:9,0,1,1
BRF:2
BRH:2
end_of_record
TN:
SF:/Users/shaynemeyer/github/react-course-projects/expensify/src/components/ExpenseListFilters.js
FN:10,(anonymous_0)
FN:14,(anonymous_1)
FN:15,(anonymous_2)
FN:17,(anonymous_3)
FN:20,(anonymous_4)
FN:27,(anonymous_5)
FN:49,(anonymous_6)
FNF:7
FNH:6
FNDA:1,(anonymous_0)
FNDA:1,(anonymous_1)
FNDA:1,(anonymous_2)
FNDA:1,(anonymous_3)
FNDA:2,(anonymous_4)
FNDA:10,(anonymous_5)
FNDA:0,(anonymous_6)
DA:11,1
DA:12,1
DA:15,1
DA:18,1
DA:21,2
DA:22,1
DA:23,1
DA:24,1
DA:28,10
DA:49,0
LF:10
LH:9
BRDA:21,0,0,1
BRDA:21,0,1,1
BRDA:23,1,0,1
BRDA:23,1,1,0
BRF:4
BRH:3
end_of_record
TN:
SF:/Users/shaynemeyer/github/react-course-projects/expensify/src/components/ExpenseListItem.js
FN:4,(anonymous_0)
FNF:1
FNH:1
FNDA:1,(anonymous_0)
DA:4,3
DA:5,1
LF:2
LH:2
BRF:0
BRH:0
end_of_record
TN:
SF:/Users/shaynemeyer/github/react-course-projects/expensify/src/components/Header.js
FN:4,(anonymous_0)
FNF:1
FNH:1
FNDA:1,(anonymous_0)
DA:4,1
DA:5,1
LF:2
LH:2
BRF:0
BRH:0
end_of_record
TN:
SF:/Users/shaynemeyer/github/react-course-projects/expensify/src/components/NotFoundPage.js
FN:4,(anonymous_0)
FNF:1
FNH:1
FNDA:1,(anonymous_0)
DA:4,1
DA:5,1
LF:2
LH:2
BRF:0
BRH:0
end_of_record
TN:
SF:/Users/shaynemeyer/github/react-course-projects/expensify/src/reducers/expenses.js
FN:5,(anonymous_0)
FN:13,(anonymous_1)
FN:15,(anonymous_2)
FNF:3
FNH:3
FNDA:6,(anonymous_0)
FNDA:6,(anonymous_1)
FNDA:6,(anonymous_2)
DA:3,1
DA:6,6
DA:8,1
DA:13,6
DA:15,2
DA:16,6
DA:17,1
DA:22,5
DA:26,1
LF:9
LH:9
BRDA:5,0,0,1
BRDA:6,1,0,1
BRDA:6,1,1,2
BRDA:6,1,2,2
BRDA:6,1,3,1
BRDA:16,2,0,1
BRDA:16,2,1,5
BRF:7
BRH:7
end_of_record
TN:
SF:/Users/shaynemeyer/github/react-course-projects/expensify/src/reducers/filters.js
FN:12,(anonymous_0)
FNF:1
FNH:1
FNDA:6,(anonymous_0)
DA:5,1
DA:13,6
DA:15,1
DA:20,1
DA:25,1
DA:30,1
DA:35,1
DA:40,1
LF:8
LH:8
BRDA:12,0,0,2
BRDA:13,1,0,1
BRDA:13,1,1,1
BRDA:13,1,2,1
BRDA:13,1,3,1
BRDA:13,1,4,1
BRDA:13,1,5,1
BRF:7
BRH:7
end_of_record
TN:
SF:/Users/shaynemeyer/github/react-course-projects/expensify/src/selectors/expenses.js
FN:4,(anonymous_0)
FN:5,(anonymous_1)
FN:12,(anonymous_2)
FNF:3
FNH:3
FNDA:5,(anonymous_0)
FNDA:15,(anonymous_1)
FNDA:9,(anonymous_2)
DA:5,5
DA:6,15
DA:7,15
DA:8,15
DA:9,15
DA:11,15
DA:13,9
DA:14,6
DA:15,3
DA:16,3
LF:10
LH:10
BRDA:7,0,0,3
BRDA:7,0,1,12
BRDA:8,1,0,3
BRDA:8,1,1,12
BRDA:11,2,0,15
BRDA:11,2,1,14
BRDA:11,2,2,13
BRDA:13,3,0,6
BRDA:13,3,1,3
BRDA:14,4,0,4
BRDA:14,4,1,2
BRDA:15,5,0,3
BRDA:15,5,1,0
BRDA:16,6,0,2
BRDA:16,6,1,1
BRF:15
BRH:14
end_of_record
TN:
SF:/Users/shaynemeyer/github/react-course-projects/expensify/src/tests/fixtures/expenses.js
FNF:0
FNH:0
LF:0
LH:0
BRF:0
BRH:0
end_of_record
TN:
SF:/Users/shaynemeyer/github/react-course-projects/expensify/src/tests/fixtures/filters.js
FNF:0
FNH:0
DA:3,1
DA:10,1
LF:2
LH:2
BRF:0
BRH:0
end_of_record
